<?xml version="1.0" encoding="UTF-8"?>
<testng-results skipped="0" failed="0" ignored="0" total="1" passed="1">
  <reporter-output>
  </reporter-output>
  <suite name="Surefire suite" duration-ms="38" started-at="2021-05-15T16:00:53 YEKT" finished-at="2021-05-15T16:00:53 YEKT">
    <groups>
    </groups>
    <test name="Surefire test" duration-ms="38" started-at="2021-05-15T16:00:53 YEKT" finished-at="2021-05-15T16:00:53 YEKT">
      <class name="com.geekbrains.AppTest">
        <test-method status="PASS" signature="shouldAnswerWithTrue()" name="shouldAnswerWithTrue" duration-ms="7" started-at="2021-05-15T16:00:53 YEKT" finished-at="2021-05-15T16:00:53 YEKT">
          <reporter-output>
          </reporter-output>
        </test-method> <!-- shouldAnswerWithTrue -->
      </class> <!-- com.geekbrains.AppTest -->
    </test> <!-- Surefire test -->
  </suite> <!-- Surefire suite -->
</testng-results>
