<?xml version="1.0" encoding="UTF-8"?>
<!-- Generated by org.testng.reporters.JUnitXMLReporter -->
<testsuite hostname="Rezbaevdv" ignored="0" name="Surefire test" tests="3" failures="0" timestamp="2021-05-15T15:25:30 YEKT" time="67.565" errors="0">
  <testcase name="dragAndDropTest" time="5.006" classname="com.geekbrains.lesson5.TestCrm"/>
  <testcase name="saveNewContactTest" time="11.4" classname="com.geekbrains.lesson5.TestCrm"/>
  <testcase name="saveNewProjectTest" time="17.985" classname="com.geekbrains.lesson5.TestCrm"/>
</testsuite> <!-- Surefire test -->
