<?xml version="1.0" encoding="UTF-8"?>
<testng-results skipped="0" failed="0" ignored="0" total="3" passed="3">
  <reporter-output>
  </reporter-output>
  <suite name="Surefire suite" duration-ms="67565" started-at="2021-05-15T15:24:23 YEKT" finished-at="2021-05-15T15:25:30 YEKT">
    <groups>
    </groups>
    <test name="Surefire test" duration-ms="67565" started-at="2021-05-15T15:24:23 YEKT" finished-at="2021-05-15T15:25:30 YEKT">
      <class name="com.geekbrains.lesson5.TestCrm">
        <test-method status="PASS" signature="setupDataBase()[pri:0, instance:com.geekbrains.lesson5.TestCrm@50b494a6]" name="setupDataBase" is-config="true" duration-ms="6" started-at="2021-05-15T15:24:23 YEKT" finished-at="2021-05-15T15:24:23 YEKT">
          <reporter-output>
          </reporter-output>
        </test-method> <!-- setupDataBase -->
        <test-method status="PASS" signature="setUp()[pri:0, instance:com.geekbrains.lesson5.TestCrm@50b494a6]" name="setUp" is-config="true" duration-ms="708" started-at="2021-05-15T15:24:23 YEKT" finished-at="2021-05-15T15:24:23 YEKT">
          <reporter-output>
          </reporter-output>
        </test-method> <!-- setUp -->
        <test-method status="PASS" signature="setUpBrowser()[pri:0, instance:com.geekbrains.lesson5.TestCrm@50b494a6]" name="setUpBrowser" is-config="true" duration-ms="10665" started-at="2021-05-15T15:24:23 YEKT" finished-at="2021-05-15T15:24:34 YEKT">
          <reporter-output>
          </reporter-output>
        </test-method> <!-- setUpBrowser -->
        <test-method status="PASS" signature="dragAndDropTest()[pri:0, instance:com.geekbrains.lesson5.TestCrm@50b494a6]" name="dragAndDropTest" duration-ms="5006" started-at="2021-05-15T15:24:34 YEKT" description="Демонстация actions в crm" finished-at="2021-05-15T15:24:39 YEKT">
          <reporter-output>
          </reporter-output>
        </test-method> <!-- dragAndDropTest -->
        <test-method status="PASS" signature="closeBrowser()[pri:0, instance:com.geekbrains.lesson5.TestCrm@50b494a6]" name="closeBrowser" is-config="true" duration-ms="636" started-at="2021-05-15T15:24:39 YEKT" finished-at="2021-05-15T15:24:40 YEKT">
          <reporter-output>
          </reporter-output>
        </test-method> <!-- closeBrowser -->
        <test-method status="PASS" signature="setUpBrowser()[pri:0, instance:com.geekbrains.lesson5.TestCrm@50b494a6]" name="setUpBrowser" is-config="true" duration-ms="10005" started-at="2021-05-15T15:24:40 YEKT" finished-at="2021-05-15T15:24:50 YEKT">
          <reporter-output>
          </reporter-output>
        </test-method> <!-- setUpBrowser -->
        <test-method status="PASS" signature="saveNewContactTest()[pri:0, instance:com.geekbrains.lesson5.TestCrm@50b494a6]" name="saveNewContactTest" duration-ms="11400" started-at="2021-05-15T15:24:50 YEKT" description="Сохранить новое конактное лицо в crm" finished-at="2021-05-15T15:25:01 YEKT">
          <reporter-output>
          </reporter-output>
        </test-method> <!-- saveNewContactTest -->
        <test-method status="PASS" signature="closeBrowser()[pri:0, instance:com.geekbrains.lesson5.TestCrm@50b494a6]" name="closeBrowser" is-config="true" duration-ms="627" started-at="2021-05-15T15:25:01 YEKT" finished-at="2021-05-15T15:25:02 YEKT">
          <reporter-output>
          </reporter-output>
        </test-method> <!-- closeBrowser -->
        <test-method status="PASS" signature="setUpBrowser()[pri:0, instance:com.geekbrains.lesson5.TestCrm@50b494a6]" name="setUpBrowser" is-config="true" duration-ms="9888" started-at="2021-05-15T15:25:02 YEKT" finished-at="2021-05-15T15:25:11 YEKT">
          <reporter-output>
          </reporter-output>
        </test-method> <!-- setUpBrowser -->
        <test-method status="PASS" signature="saveNewProjectTest()[pri:0, instance:com.geekbrains.lesson5.TestCrm@50b494a6]" name="saveNewProjectTest" duration-ms="17985" started-at="2021-05-15T15:25:11 YEKT" description="Сохранить новый проект в crm" finished-at="2021-05-15T15:25:29 YEKT">
          <reporter-output>
          </reporter-output>
        </test-method> <!-- saveNewProjectTest -->
        <test-method status="PASS" signature="closeBrowser()[pri:0, instance:com.geekbrains.lesson5.TestCrm@50b494a6]" name="closeBrowser" is-config="true" duration-ms="626" started-at="2021-05-15T15:25:29 YEKT" finished-at="2021-05-15T15:25:30 YEKT">
          <reporter-output>
          </reporter-output>
        </test-method> <!-- closeBrowser -->
      </class> <!-- com.geekbrains.lesson5.TestCrm -->
    </test> <!-- Surefire test -->
  </suite> <!-- Surefire suite -->
</testng-results>
