<?xml version="1.0" encoding="UTF-8"?>
<testsuite xmlns:xsi="http://www.w3.org/2001/XMLSchema-instance" xsi:noNamespaceSchemaLocation="https://maven.apache.org/surefire/maven-surefire-plugin/xsd/surefire-test-report-3.0.xsd" version="3.0" name="com.geekbrains.lesson6.LoginWithPageObjectTests" time="54.841" tests="2" errors="1" skipped="0" failures="0">
  <properties>
[...]
</properties>
  <testcase name="createNewCompanyContactUser" classname="com.geekbrains.lesson6.LoginWithPageObjectTests" time="25.47">
    <system-err><![CDATA[мая 16, 2021 11:32:54 PM java.util.prefs.WindowsPreferences <init>
WARNING: Could not open/create prefs root node Software\JavaSoft\Prefs at root 0x80000002. Windows RegCreateKeyEx(...) returned error code 5.
[main] INFO io.github.bonigarcia.wdm.WebDriverManager - Using chromedriver 90.0.4430.24 (since Google Chrome 90 is installed in your machine)
[main] INFO io.github.bonigarcia.wdm.WebDriverManager - Exporting webdriver.chrome.driver as C:\Users\rezba\.m2\repository\webdriver\chromedriver\win32\90.0.4430.24\chromedriver.exe
Starting ChromeDriver 90.0.4430.24 (4c6d850f087da467d926e8eddb76550aed655991-refs/branch-heads/4430@{#429}) on port 27433
Only local connections are allowed.
Please see https://chromedriver.chromium.org/security-considerations for suggestions on keeping ChromeDriver safe.
ChromeDriver was started successfully.
мая 16, 2021 11:32:56 PM org.openqa.selenium.remote.ProtocolHandshake createSession
INFO: Detected dialect: W3C
[main] INFO org.openqa.selenium.WebDriver - Перед кликом на элеиент с текстом: Войти
[main] INFO org.openqa.selenium.WebDriver - Перед кликом на элеиент с текстом: Контактные лица
[main] INFO org.openqa.selenium.WebDriver - Перед кликом на элеиент с текстом: Создать контактное лицо
[main] INFO org.openqa.selenium.WebDriver - Перед кликом на элеиент с текстом: Укажите организацию
[main] INFO org.openqa.selenium.WebDriver - Перед кликом на элеиент с текстом: "Континент+"
[main] INFO org.openqa.selenium.WebDriver - Перед кликом на элеиент с текстом: Сохранить и закрыть
]]></system-err>
  </testcase>
  <testcase name="createNewProject" classname="com.geekbrains.lesson6.LoginWithPageObjectTests" time="28.564">
    <error type="org.openqa.selenium.TimeoutException"><![CDATA[org.openqa.selenium.TimeoutException: Expected condition failed: waiting for presence of element located by: By.xpath: //*[text()='Проект сохранен'] (tried for 5 second(s) with 500 milliseconds interval)
	at com.geekbrains.lesson6.LoginWithPageObjectTests.createNewProject(LoginWithPageObjectTests.java:78)
Caused by: org.openqa.selenium.NoSuchElementException: 
no such element: Unable to locate element: {"method":"xpath","selector":"//*[text()='Проект сохранен']"}
  (Session info: chrome=90.0.4430.212)
For documentation on this error, please visit: https://www.seleniumhq.org/exceptions/no_such_element.html
Build info: version: '3.141.59', revision: 'e82be7d358', time: '2018-11-14T08:17:03'
System info: host: 'REZBAEVDV', ip: '192.168.165.1', os.name: 'Windows 10', os.arch: 'x86', os.version: '10.0', java.version: '1.8.0_181'
Driver info: org.openqa.selenium.chrome.ChromeDriver
Capabilities {acceptInsecureCerts: false, browserName: chrome, browserVersion: 90.0.4430.212, chrome: {chromedriverVersion: 90.0.4430.24 (4c6d850f087da..., userDataDir: C:\Users\rezba\AppData\Loca...}, goog:chromeOptions: {debuggerAddress: localhost:54348}, javascriptEnabled: true, networkConnectionEnabled: false, pageLoadStrategy: normal, platform: WINDOWS, platformName: WINDOWS, proxy: Proxy(), setWindowRect: true, strictFileInteractability: false, timeouts: {implicit: 0, pageLoad: 300000, script: 30000}, unhandledPromptBehavior: dismiss and notify, webauthn:extension:largeBlob: true, webauthn:virtualAuthenticators: true}
Session ID: 12ba5eab0059e403687753cfbc6682d3
*** Element info: {Using=xpath, value=//*[text()='Проект сохранен']}
	at com.geekbrains.lesson6.LoginWithPageObjectTests.createNewProject(LoginWithPageObjectTests.java:78)
]]></error>
    <system-err><![CDATA[Starting ChromeDriver 90.0.4430.24 (4c6d850f087da467d926e8eddb76550aed655991-refs/branch-heads/4430@{#429}) on port 18421
Only local connections are allowed.
Please see https://chromedriver.chromium.org/security-considerations for suggestions on keeping ChromeDriver safe.
ChromeDriver was started successfully.
мая 16, 2021 11:33:21 PM org.openqa.selenium.remote.ProtocolHandshake createSession
INFO: Detected dialect: W3C
[main] INFO org.openqa.selenium.WebDriver - Перед кликом на элеиент с текстом: Войти
[main] INFO org.openqa.selenium.WebDriver - Перед кликом на элеиент с текстом: Мои проекты
[main] INFO org.openqa.selenium.WebDriver - Перед кликом на элеиент с текстом: Создать проект
[main] INFO org.openqa.selenium.WebDriver - Перед кликом на элеиент с текстом: Укажите организацию
[main] INFO org.openqa.selenium.WebDriver - Перед кликом на элеиент с текстом: "Континент+"
[main] INFO org.openqa.selenium.WebDriver - Перед кликом на элеиент с текстом: 
[main] INFO org.openqa.selenium.WebDriver - Перед кликом на элеиент с текстом: Frolov Alex
[main] INFO org.openqa.selenium.WebDriver - Перед кликом на элеиент с текстом: Сохранить и закрыть
]]></system-err>
  </testcase>
</testsuite>