<?xml version="1.0" encoding="UTF-8"?>
<testsuite xmlns:xsi="http://www.w3.org/2001/XMLSchema-instance" xsi:noNamespaceSchemaLocation="https://maven.apache.org/surefire/maven-surefire-plugin/xsd/surefire-test-report-3.0.xsd" version="3.0" name="com.geekbrains.lesson6.LoginWithPageObjectTests" time="44.339" tests="3" errors="0" skipped="0" failures="0">
  <properties>
[...]
</properties>
  <testcase name="loginTest" classname="com.geekbrains.lesson6.LoginWithPageObjectTests" time="11.341">
    <system-out><![CDATA[03:35:30.821 [main] DEBUG io.github.bonigarcia.wdm.cache.ResolutionCache - Resolution chrome=90 in cache (valid until 04:24:54 16/05/2021 YEKT)
03:35:30.825 [main] DEBUG io.github.bonigarcia.wdm.cache.ResolutionCache - Resolution chrome90=90.0.4430.24 in cache (valid until 14:57:07 16/05/2021 YEKT)
03:35:30.826 [main] INFO io.github.bonigarcia.wdm.WebDriverManager - Using chromedriver 90.0.4430.24 (resolved driver for Chrome 90)
03:35:30.846 [main] DEBUG io.github.bonigarcia.wdm.WebDriverManager - Driver chromedriver 90.0.4430.24 found in cache
03:35:30.847 [main] INFO io.github.bonigarcia.wdm.WebDriverManager - Exporting webdriver.chrome.driver as C:\Users\rezba\.cache\selenium\chromedriver\win32\90.0.4430.24\chromedriver.exe
]]></system-out>
    <system-err><![CDATA[Starting ChromeDriver 90.0.4430.24 (4c6d850f087da467d926e8eddb76550aed655991-refs/branch-heads/4430@{#429}) on port 22417
Only local connections are allowed.
Please see https://chromedriver.chromium.org/security-considerations for suggestions on keeping ChromeDriver safe.
ChromeDriver was started successfully.
мая 16, 2021 3:35:32 AM org.openqa.selenium.remote.ProtocolHandshake createSession
INFO: Detected dialect: W3C
]]></system-err>
  </testcase>
  <testcase name="createNewCompanyContactUser" classname="com.geekbrains.lesson6.LoginWithPageObjectTests" time="20.635">
    <system-err><![CDATA[Starting ChromeDriver 90.0.4430.24 (4c6d850f087da467d926e8eddb76550aed655991-refs/branch-heads/4430@{#429}) on port 28120
Only local connections are allowed.
Please see https://chromedriver.chromium.org/security-considerations for suggestions on keeping ChromeDriver safe.
ChromeDriver was started successfully.
мая 16, 2021 3:35:43 AM org.openqa.selenium.remote.ProtocolHandshake createSession
INFO: Detected dialect: W3C
]]></system-err>
  </testcase>
  <testcase name="loginTestWithFluentPage" classname="com.geekbrains.lesson6.LoginWithPageObjectTests" time="11.209">
    <system-err><![CDATA[Starting ChromeDriver 90.0.4430.24 (4c6d850f087da467d926e8eddb76550aed655991-refs/branch-heads/4430@{#429}) on port 40852
Only local connections are allowed.
Please see https://chromedriver.chromium.org/security-considerations for suggestions on keeping ChromeDriver safe.
ChromeDriver was started successfully.
мая 16, 2021 3:36:03 AM org.openqa.selenium.remote.ProtocolHandshake createSession
INFO: Detected dialect: W3C
]]></system-err>
  </testcase>
</testsuite>